<?xml version="1.0" encoding="utf-8"?><testsuites name="pytest tests"><testsuite name="pytest" errors="0" failures="0" skipped="0" tests="32" time="39.322" timestamp="2026-06-30T19:31:05.389943+00:00" hostname="agent-env-55778431-d677-4792-8e71-701e16f3c52e"><testcase classname="tests.test_research_console.TestAuth" name="test_login_success" time="0.602" /><testcase classname="tests.test_research_console.TestEdgeLab" name="test_session_scan" time="8.884" /><testcase classname="tests.test_research_console.TestAuth" name="test_login_wrong_password" time="0.279" /><testcase classname="tests.test_research_console.TestAuth" name="test_me_with_bearer" time="0.433" /><testcase classname="tests.test_research_console.TestAuth" name="test_me_without_token" time="0.113" /><testcase classname="tests.test_research_console.TestAuth" name="test_self_register" time="0.310" /><testcase classname="tests.test_research_console.TestBot" name="test_rejection" time="1.863" /><testcase classname="tests.test_research_console.TestBot" name="test_market_structure" time="8.155" /><testcase classname="tests.test_research_console.TestEdgeLab" name="test_ny_conditional" time="8.272" /><testcase classname="tests.test_research_console.TestBot" name="test_quality_review" time="1.915" /><testcase classname="tests.test_research_console.TestBot" name="test_demo_readiness" time="2.046" /><testcase classname="tests.test_research_console.TestCookieAuth" name="test_login_sets_httponly_cookie_and_me_works_cookie_only" time="0.421" /><testcase classname="tests.test_research_console.TestCookieAuth" name="test_protected_endpoint_with_cookie_only" time="5.710" /><testcase classname="tests.test_research_console.TestEdgeLab" name="test_overnight" time="6.875" /><testcase classname="tests.test_research_console.TestCookieAuth" name="test_logout_clears_cookie" time="0.504" /><testcase classname="tests.test_research_console.TestCookieAuth" name="test_bearer_fallback_still_works" time="0.119" /><testcase classname="tests.test_research_console.TestData" name="test_synthetic" time="0.108" /><testcase classname="tests.test_research_console.TestData" name="test_fetch_yahoo" time="0.336" /><testcase classname="tests.test_research_console.TestData" name="test_upload_csv" time="0.098" /><testcase classname="tests.test_research_console.TestAI" name="test_ai_config" time="0.099" /><testcase classname="tests.test_research_console.TestAI" name="test_ai_chat_moonshot_rejected" time="0.098" /><testcase classname="tests.test_research_console.TestAI" name="test_ai_chat_real_reply" time="2.538" /><testcase classname="tests.test_research_console.TestEdgeLab" name="test_significance_audit" time="8.154" /><testcase classname="tests.test_research_console.TestSafetyConstraint" name="test_no_arm_endpoint" time="0.427" /><testcase classname="tests.test_research_console.TestSafetyConstraint" name="test_safety_immutable" time="0.179" /><testcase classname="tests.test_research_console.TestExternalAPI" name="test_health_reports_external" time="0.664" /><testcase classname="tests.test_research_console.TestExternalAPI" name="test_safety_external_api_flag" time="0.114" /><testcase classname="tests.test_research_console.TestInstruments" name="test_instruments_list" time="3.226" /><testcase classname="tests.test_research_console.TestRuns" name="test_runs_list_and_get" time="8.427" /><testcase classname="tests.test_research_console.TestPublic" name="test_health" time="0.255" /><testcase classname="tests.test_research_console.TestPublic" name="test_safety" time="0.040" /><testcase classname="tests.test_research_console.TestPublic" name="test_instruments_requires_auth" time="0.125" /></testsuite></testsuites>