<?xml version="1.0" encoding="utf-8"?><testsuites name="pytest tests"><testsuite name="pytest" errors="0" failures="0" skipped="0" tests="25" time="203.641" timestamp="2026-06-30T22:36:16.427171+00:00" hostname="agent-env-55778431-d677-4792-8e71-701e16f3c52e"><testcase classname="tests.test_research_console.TestAuth" name="test_login_success" time="0.673" /><testcase classname="tests.test_research_console.TestAuth" name="test_login_wrong_password" time="0.276" /><testcase classname="tests.test_research_console.TestAuth" name="test_me_with_bearer" time="0.404" /><testcase classname="tests.test_research_console.TestAuth" name="test_me_without_token" time="0.098" /><testcase classname="tests.test_research_console.TestAuth" name="test_self_register" time="0.266" /><testcase classname="tests.test_research_console.TestEdgeLab" name="test_edge_offline_or_no_invented[/api/edge/session-scan]" time="66.150" /><testcase classname="tests.test_research_console.TestBot" name="test_bot_offline_or_no_invented[/api/bot/rejection-taxonomy]" time="40.253" /><testcase classname="tests.test_research_console.TestBot" name="test_bot_offline_or_no_invented[/api/bot/market-structure]" time="20.243" /><testcase classname="tests.test_research_console.TestBot" name="test_bot_offline_or_no_invented[/api/bot/quality-review]" time="20.276" /><testcase classname="tests.test_research_console.TestEdgeLab" name="test_edge_offline_or_no_invented[/api/edge/ny-conditional]" time="46.009" /><testcase classname="tests.test_research_console.TestBot" name="test_bot_offline_or_no_invented[/api/bot/demo-readiness]" time="20.281" /><testcase classname="tests.test_research_console.TestPublic" name="test_health" time="20.115" /><testcase classname="tests.test_research_console.TestEdgeLab" name="test_edge_offline_or_no_invented[/api/edge/overnight]" time="45.196" /><testcase classname="tests.test_research_console.TestPublic" name="test_safety" time="0.101" /><testcase classname="tests.test_research_console.TestPublic" name="test_instruments_requires_auth" time="0.131" /><testcase classname="tests.test_research_console.TestCookieAuth" name="test_login_sets_httponly_cookie" time="0.356" /><testcase classname="tests.test_research_console.TestCookieAuth" name="test_logout_clears_cookie" time="0.482" /><testcase classname="tests.test_research_console.TestSafetyConstraint" name="test_no_arm_endpoint" time="0.449" /><testcase classname="tests.test_research_console.TestSafetyConstraint" name="test_safety_immutable" time="0.229" /><testcase classname="tests.test_research_console.TestInstruments" name="test_instruments" time="20.189" /><testcase classname="tests.test_research_console.TestAI" name="test_ai_config" time="0.115" /><testcase classname="tests.test_research_console.TestEdgeLab" name="test_edge_offline_or_no_invented[/api/edge/significance-audit]" time="45.213" /><testcase classname="tests.test_research_console.TestRemovedDataEndpoints" name="test_synthetic_removed" time="0.215" /><testcase classname="tests.test_research_console.TestRemovedDataEndpoints" name="test_upload_csv_removed" time="0.126" /><testcase classname="tests.test_research_console.TestRemovedDataEndpoints" name="test_fetch_yahoo_removed" time="0.097" /></testsuite></testsuites>