<?xml version="1.0" encoding="utf-8"?><testsuites name="pytest tests"><testsuite name="pytest" errors="0" failures="0" skipped="0" tests="26" time="7.025" timestamp="2026-06-30T12:52:36.829475+00:00" hostname="agent-env-55778431-d677-4792-8e71-701e16f3c52e"><testcase classname="tests.test_research_console.TestAuth" name="test_login_success" time="0.473" /><testcase classname="tests.test_research_console.TestAuth" name="test_login_wrong_password" time="0.489" /><testcase classname="tests.test_research_console.TestEdgeLab" name="test_session_scan" time="0.962" /><testcase classname="tests.test_research_console.TestEdgeLab" name="test_ny_conditional" time="1.937" /><testcase classname="tests.test_research_console.TestAuth" name="test_me_with_bearer" time="0.420" /><testcase classname="tests.test_research_console.TestAuth" name="test_me_without_token" time="0.049" /><testcase classname="tests.test_research_console.TestAuth" name="test_self_register" time="0.273" /><testcase classname="tests.test_research_console.TestBot" name="test_rejection" time="0.722" /><testcase classname="tests.test_research_console.TestBot" name="test_market_structure" time="0.182" /><testcase classname="tests.test_research_console.TestBot" name="test_quality_review" time="0.142" /><testcase classname="tests.test_research_console.TestBot" name="test_demo_readiness" time="0.108" /><testcase classname="tests.test_research_console.TestPublic" name="test_health" time="0.047" /><testcase classname="tests.test_research_console.TestEdgeLab" name="test_overnight" time="0.140" /><testcase classname="tests.test_research_console.TestPublic" name="test_safety" time="0.048" /><testcase classname="tests.test_research_console.TestPublic" name="test_instruments_requires_auth" time="0.050" /><testcase classname="tests.test_research_console.TestAI" name="test_ai_config" time="0.105" /><testcase classname="tests.test_research_console.TestEdgeLab" name="test_significance_audit" time="0.109" /><testcase classname="tests.test_research_console.TestAI" name="test_ai_chat_moonshot_rejected" time="0.097" /><testcase classname="tests.test_research_console.TestData" name="test_synthetic" time="0.172" /><testcase classname="tests.test_research_console.TestAI" name="test_ai_chat_real_reply" time="2.533" /><testcase classname="tests.test_research_console.TestData" name="test_fetch_yahoo" time="0.129" /><testcase classname="tests.test_research_console.TestData" name="test_upload_csv" time="0.120" /><testcase classname="tests.test_research_console.TestInstruments" name="test_instruments_list" time="0.103" /><testcase classname="tests.test_research_console.TestRuns" name="test_runs_list_and_get" time="0.365" /><testcase classname="tests.test_research_console.TestSafetyConstraint" name="test_no_arm_endpoint" time="0.497" /><testcase classname="tests.test_research_console.TestSafetyConstraint" name="test_safety_immutable" time="0.204" /></testsuite></testsuites>