<?xml version="1.0" encoding="utf-8"?><testsuites name="pytest tests"><testsuite name="pytest" errors="0" failures="0" skipped="0" tests="32" time="41.393" timestamp="2026-06-30T19:23:15.943480+00:00" hostname="agent-env-55778431-d677-4792-8e71-701e16f3c52e"><testcase classname="tests.test_research_console.TestAuth" name="test_login_success" time="0.423" /><testcase classname="tests.test_research_console.TestAuth" name="test_login_wrong_password" time="0.509" /><testcase classname="tests.test_research_console.TestEdgeLab" name="test_session_scan" time="9.211" /><testcase classname="tests.test_research_console.TestAuth" name="test_me_with_bearer" time="0.384" /><testcase classname="tests.test_research_console.TestAuth" name="test_me_without_token" time="0.108" /><testcase classname="tests.test_research_console.TestAuth" name="test_self_register" time="0.273" /><testcase classname="tests.test_research_console.TestBot" name="test_rejection" time="2.792" /><testcase classname="tests.test_research_console.TestBot" name="test_market_structure" time="8.150" /><testcase classname="tests.test_research_console.TestEdgeLab" name="test_ny_conditional" time="8.203" /><testcase classname="tests.test_research_console.TestBot" name="test_quality_review" time="2.319" /><testcase classname="tests.test_research_console.TestBot" name="test_demo_readiness" time="2.780" /><testcase classname="tests.test_research_console.TestEdgeLab" name="test_overnight" time="7.147" /><testcase classname="tests.test_research_console.TestCookieAuth" name="test_login_sets_httponly_cookie_and_me_works_cookie_only" time="0.387" /><testcase classname="tests.test_research_console.TestCookieAuth" name="test_protected_endpoint_with_cookie_only" time="5.027" /><testcase classname="tests.test_research_console.TestCookieAuth" name="test_logout_clears_cookie" time="0.486" /><testcase classname="tests.test_research_console.TestCookieAuth" name="test_bearer_fallback_still_works" time="0.116" /><testcase classname="tests.test_research_console.TestData" name="test_synthetic" time="0.098" /><testcase classname="tests.test_research_console.TestData" name="test_fetch_yahoo" time="0.434" /><testcase classname="tests.test_research_console.TestData" name="test_upload_csv" time="0.105" /><testcase classname="tests.test_research_console.TestAI" name="test_ai_config" time="0.107" /><testcase classname="tests.test_research_console.TestAI" name="test_ai_chat_moonshot_rejected" time="0.108" /><testcase classname="tests.test_research_console.TestEdgeLab" name="test_significance_audit" time="8.263" /><testcase classname="tests.test_research_console.TestAI" name="test_ai_chat_real_reply" time="3.629" /><testcase classname="tests.test_research_console.TestSafetyConstraint" name="test_no_arm_endpoint" time="0.413" /><testcase classname="tests.test_research_console.TestSafetyConstraint" name="test_safety_immutable" time="0.236" /><testcase classname="tests.test_research_console.TestExternalAPI" name="test_health_reports_external" time="0.421" /><testcase classname="tests.test_research_console.TestExternalAPI" name="test_safety_external_api_flag" time="0.094" /><testcase classname="tests.test_research_console.TestInstruments" name="test_instruments_list" time="2.958" /><testcase classname="tests.test_research_console.TestRuns" name="test_runs_list_and_get" time="8.409" /><testcase classname="tests.test_research_console.TestPublic" name="test_health" time="0.285" /><testcase classname="tests.test_research_console.TestPublic" name="test_safety" time="0.044" /><testcase classname="tests.test_research_console.TestPublic" name="test_instruments_requires_auth" time="0.104" /></testsuite></testsuites>