<?xml version="1.0" encoding="utf-8"?><testsuites name="pytest tests"><testsuite name="pytest" errors="0" failures="0" skipped="0" tests="25" time="41.540" timestamp="2026-06-30T23:35:27.079277+00:00" hostname="agent-env-55778431-d677-4792-8e71-701e16f3c52e"><testcase classname="tests.test_research_console.TestAuth" name="test_login_success" time="0.606" /><testcase classname="tests.test_research_console.TestAuth" name="test_login_wrong_password" time="0.289" /><testcase classname="tests.test_research_console.TestEdgeLab" name="test_edge_offline_or_no_invented[/api/edge/session-scan]" time="11.510" /><testcase classname="tests.test_research_console.TestAuth" name="test_me_with_bearer" time="0.370" /><testcase classname="tests.test_research_console.TestAuth" name="test_me_without_token" time="0.117" /><testcase classname="tests.test_research_console.TestAuth" name="test_self_register" time="0.274" /><testcase classname="tests.test_research_console.TestBot" name="test_bot_offline_or_no_invented[/api/bot/rejection-taxonomy]" time="2.165" /><testcase classname="tests.test_research_console.TestBot" name="test_bot_offline_or_no_invented[/api/bot/market-structure]" time="7.736" /><testcase classname="tests.test_research_console.TestEdgeLab" name="test_edge_offline_or_no_invented[/api/edge/ny-conditional]" time="24.466" /><testcase classname="tests.test_research_console.TestBot" name="test_bot_offline_or_no_invented[/api/bot/quality-review]" time="1.720" /><testcase classname="tests.test_research_console.TestBot" name="test_bot_offline_or_no_invented[/api/bot/demo-readiness]" time="2.020" /><testcase classname="tests.test_research_console.TestPublic" name="test_health" time="0.358" /><testcase classname="tests.test_research_console.TestPublic" name="test_safety" time="0.049" /><testcase classname="tests.test_research_console.TestPublic" name="test_instruments_requires_auth" time="0.097" /><testcase classname="tests.test_research_console.TestRemovedDataEndpoints" name="test_synthetic_removed" time="0.097" /><testcase classname="tests.test_research_console.TestRemovedDataEndpoints" name="test_upload_csv_removed" time="0.102" /><testcase classname="tests.test_research_console.TestRemovedDataEndpoints" name="test_fetch_yahoo_removed" time="0.151" /><testcase classname="tests.test_research_console.TestCookieAuth" name="test_login_sets_httponly_cookie" time="0.323" /><testcase classname="tests.test_research_console.TestCookieAuth" name="test_logout_clears_cookie" time="0.462" /><testcase classname="tests.test_research_console.TestSafetyConstraint" name="test_no_arm_endpoint" time="0.427" /><testcase classname="tests.test_research_console.TestSafetyConstraint" name="test_safety_immutable" time="0.189" /><testcase classname="tests.test_research_console.TestInstruments" name="test_instruments" time="2.766" /><testcase classname="tests.test_research_console.TestAI" name="test_ai_config" time="0.092" /><testcase classname="tests.test_research_console.TestEdgeLab" name="test_edge_offline_or_no_invented[/api/edge/overnight]" time="4.635" /><testcase classname="tests.test_research_console.TestEdgeLab" name="test_edge_offline_or_no_invented[/api/edge/significance-audit]" time="0.444" /></testsuite></testsuites>